Debugger listening on ws://127.0.0.1:56614/d86a3139-3ff8-4e92-ad14-0017a168cc17
For help, see: https://nodejs.org/en/docs/inspector
Debugger attached.

> frontend@0.1.0 start
> react-scripts start

Debugger listening on ws://127.0.0.1:56624/11c18e49-c230-4c0f-8c12-03f6378d5bcc
For help, see: https://nodejs.org/en/docs/inspector
Debugger attached.
Debugger listening on ws://127.0.0.1:56631/4a8cf617-d50f-4c5d-a08e-89652f5ab65c
For help, see: https://nodejs.org/en/docs/inspector
Debugger attached.
Something is already running on port 3000.
Waiting for the debugger to disconnect...
Waiting for the debugger to disconnect...
Waiting for the debugger to disconnect...
Debugger listening on ws://127.0.0.1:63545/b0ccecf2-dbe3-4f66-ab16-454abf28420f
For help, see: https://nodejs.org/en/docs/inspector
Debugger attached.

> frontend@0.1.0 start
> react-scripts start

Debugger listening on ws://127.0.0.1:63555/1346dcdb-bbfa-4a6f-8e04-a19aeac8ab23
For help, see: https://nodejs.org/en/docs/inspector
Debugger attached.
Debugger listening on ws://127.0.0.1:63558/8014f901-fc7a-40b0-aaef-633ff3d46de3
For help, see: https://nodejs.org/en/docs/inspector
Debugger attached.
Something is already running on port 3000.
Waiting for the debugger to disconnect...
Waiting for the debugger to disconnect...
Waiting for the debugger to disconnect...
